<?xml version="1.0" encoding="UTF-8"?>
<testsuite name="Login Test"
           tests="2"
           failures="0"
           errors="0"
           skipped="0"
           time="4.306">
  <properties />
  
  
            <testcase name="verifyThatUserShouldLoginAndLogoutSuccessfully" time="3.520" classname="com.tutorialninja.testsuite.AccountRegisterPageTest" />
                <testcase name="verifyUserShouldNavigateToLoginPageSuccessfully" time="0.786" classname="com.tutorialninja.testsuite.AccountRegisterPageTest" />
      
</testsuite>
